0 info it worked if it ends with ok
1 verbose cli [ 'D:\\Program Files\\nodejs\\node.exe',
1 verbose cli   'C:\\Users\\Hawkin\\AppData\\Roaming\\npm\\node_modules\\npm\\bin\\npm-cli.js',
1 verbose cli   'start' ]
2 info using npm@3.10.9
3 info using node@v4.4.3
4 verbose run-script [ 'prestart', 'start', 'poststart' ]
5 info lifecycle iblog@0.0.0~prestart: iblog@0.0.0
6 silly lifecycle iblog@0.0.0~prestart: no script for prestart, continuing
7 info lifecycle iblog@0.0.0~start: iblog@0.0.0
8 verbose lifecycle iblog@0.0.0~start: unsafe-perm in lifecycle true
9 verbose lifecycle iblog@0.0.0~start: PATH: C:\Users\Hawkin\AppData\Roaming\npm\node_modules\npm\bin\node-gyp-bin;F:\前端\iblog\node_modules\.bin;C:\ProgramData\Oracle\Java\javapath;C:\WINDOWS\system32;C:\WINDOWS;C:\WINDOWS\System32\Wbem;C:\WINDOWS\System32\WindowsPowerShell\v1.0\;C:\Users\Hawkin\Desktop\WPFQQ\FDK-25-WIN.b64958\Tools\win;C:\WINDOWS\system32\config\systemprofile\.dnx\bin;C:\Program Files\Microsoft DNX\Dnvm\;C:\Program Files (x86)\Windows Kits\8.1\Windows Performance Toolkit\;C:\Program Files\Microsoft SQL Server\130\Tools\Binn\;D:\opencv3\build\x86\vc12\bin;C:\Program Files\Microsoft SQL Server\110\Tools\Binn\;D:\Program Files\Java\apache-ant-1.9.7\bin;D:\Program Files\Java\jdk1.7.0_79\bin;D:\Program Files\Java\jdk1.7.0_79\jre\bin;F:\Dev\Android\android-ndk-r10b;F:\Dev\Android\sdk\tools;F:\Dev\Android\sdk\platform-tools;D:\Program Files\nodejs\;D:\Program Files (x86)\ATMEL Corporation\SAM-BA v2.10\drv\;D:\opencv3\build\x86\vc12\bin;C:\Users\Hawkin\AppData\Local\Microsoft\WindowsApps;C:\Users\Hawkin\AppData\Roaming\npm;D:\Wind\Wind.NET.Client\WindNET\bin\
10 verbose lifecycle iblog@0.0.0~start: CWD: F:\前端\iblog
11 silly lifecycle iblog@0.0.0~start: Args: [ '/d /s /c', 'node ./bin/www' ]
12 silly lifecycle iblog@0.0.0~start: Returned: code: 3221225786  signal: null
13 info lifecycle iblog@0.0.0~start: Failed to exec start script
14 verbose stack Error: iblog@0.0.0 start: `node ./bin/www`
14 verbose stack Exit status 3221225786
14 verbose stack     at EventEmitter.<anonymous> (C:\Users\Hawkin\AppData\Roaming\npm\node_modules\npm\lib\utils\lifecycle.js:255:16)
14 verbose stack     at emitTwo (events.js:87:13)
14 verbose stack     at EventEmitter.emit (events.js:172:7)
14 verbose stack     at ChildProcess.<anonymous> (C:\Users\Hawkin\AppData\Roaming\npm\node_modules\npm\lib\utils\spawn.js:40:14)
14 verbose stack     at emitTwo (events.js:87:13)
14 verbose stack     at ChildProcess.emit (events.js:172:7)
14 verbose stack     at maybeClose (internal/child_process.js:827:16)
14 verbose stack     at Process.ChildProcess._handle.onexit (internal/child_process.js:211:5)
15 verbose pkgid iblog@0.0.0
16 verbose cwd F:\前端\iblog
17 error Windows_NT 10.0.14393
18 error argv "D:\\Program Files\\nodejs\\node.exe" "C:\\Users\\Hawkin\\AppData\\Roaming\\npm\\node_modules\\npm\\bin\\npm-cli.js" "start"
19 error node v4.4.3
20 error npm  v3.10.9
21 error code ELIFECYCLE
22 error iblog@0.0.0 start: `node ./bin/www`
22 error Exit status 3221225786
23 error Failed at the iblog@0.0.0 start script 'node ./bin/www'.
23 error Make sure you have the latest version of node.js and npm installed.
23 error If you do, this is most likely a problem with the iblog package,
23 error not with npm itself.
23 error Tell the author that this fails on your system:
23 error     node ./bin/www
23 error You can get information on how to open an issue for this project with:
23 error     npm bugs iblog
23 error Or if that isn't available, you can get their info via:
23 error     npm owner ls iblog
23 error There is likely additional logging output above.
24 verbose exit [ 1, true ]
